<?xml version="1.0" encoding="UTF-8"?>
<!-- Generated by org.testng.reporters.JUnitReportReporter -->
<testsuite skipped="1" hostname="Kavithas-MacBook-Pro.local" name="WebServices.SampleAPI.CodingAssessment" tests="2" failures="0" timestamp="26 Nov 2019 00:56:07 GMT" time="2.933" errors="1">
  <testcase name="checkResponse" time="2.933" classname="WebServices.SampleAPI.CodingAssessment">
    <error type="com.fasterxml.jackson.core.JsonParseException" message="Unrecognized token &#039;com&#039;: was expecting (&#039;true&#039;, &#039;false&#039; or &#039;null&#039;)
 at [Source: (String)&quot;com.jayway.restassured.internal.RestAssuredResponseImpl@22b53226&quot;; line: 1, column: 4]">
      <![CDATA[com.fasterxml.jackson.core.JsonParseException: Unrecognized token 'com': was expecting ('true', 'false' or 'null')
 at [Source: (String)"com.jayway.restassured.internal.RestAssuredResponseImpl@22b53226"; line: 1, column: 4]
at com.fasterxml.jackson.core.JsonParser._constructError(JsonParser.java:1804)
at com.fasterxml.jackson.core.base.ParserMinimalBase._reportError(ParserMinimalBase.java:703)
at com.fasterxml.jackson.core.json.ReaderBasedJsonParser._reportInvalidToken(ReaderBasedJsonParser.java:2853)
at com.fasterxml.jackson.core.json.ReaderBasedJsonParser._handleOddValue(ReaderBasedJsonParser.java:1899)
at com.fasterxml.jackson.core.json.ReaderBasedJsonParser.nextToken(ReaderBasedJsonParser.java:757)
at com.fasterxml.jackson.databind.ObjectMapper._readTreeAndClose(ObjectMapper.java:4042)
at com.fasterxml.jackson.databind.ObjectMapper.readTree(ObjectMapper.java:2551)
at WebServices.SampleAPI.CodingAssessment.checkResponse(CodingAssessment.java:36)
at sun.reflect.NativeMethodAccessorImpl.invoke0(Native Method)
at sun.reflect.NativeMethodAccessorImpl.invoke(NativeMethodAccessorImpl.java:62)
at sun.reflect.DelegatingMethodAccessorImpl.invoke(DelegatingMethodAccessorImpl.java:43)
at java.lang.reflect.Method.invoke(Method.java:498)
at org.testng.internal.MethodInvocationHelper.invokeMethod(MethodInvocationHelper.java:124)
at org.testng.internal.Invoker.invokeMethod(Invoker.java:583)
at org.testng.internal.Invoker.invokeTestMethod(Invoker.java:719)
at org.testng.internal.Invoker.invokeTestMethods(Invoker.java:989)
at org.testng.internal.TestMethodWorker.invokeTestMethods(TestMethodWorker.java:125)
at org.testng.internal.TestMethodWorker.run(TestMethodWorker.java:109)
at org.testng.TestRunner.privateRun(TestRunner.java:648)
at org.testng.TestRunner.run(TestRunner.java:505)
at org.testng.SuiteRunner.runTest(SuiteRunner.java:455)
at org.testng.SuiteRunner.runSequentially(SuiteRunner.java:450)
at org.testng.SuiteRunner.privateRun(SuiteRunner.java:415)
at org.testng.SuiteRunner.run(SuiteRunner.java:364)
at org.testng.SuiteRunnerWorker.runSuite(SuiteRunnerWorker.java:52)
at org.testng.SuiteRunnerWorker.run(SuiteRunnerWorker.java:84)
at org.testng.TestNG.runSuitesSequentially(TestNG.java:1208)
at org.testng.TestNG.runSuitesLocally(TestNG.java:1137)
at org.testng.TestNG.runSuites(TestNG.java:1049)
at org.testng.TestNG.run(TestNG.java:1017)
at org.testng.remote.AbstractRemoteTestNG.run(AbstractRemoteTestNG.java:115)
at org.testng.remote.RemoteTestNG.initAndRun(RemoteTestNG.java:251)
at org.testng.remote.RemoteTestNG.main(RemoteTestNG.java:77)
]]>
    </error>
  </testcase> <!-- checkResponse -->
  <testcase name="getJSONPlaceHolder" classname="WebServices.SampleAPI.CodingAssessment">
    <skipped/>
  </testcase> <!-- getJSONPlaceHolder -->
</testsuite> <!-- WebServices.SampleAPI.CodingAssessment -->
